c:\users\administrator\source\repos\chapter13\debug\vc142.pdb
c:\users\administrator\source\repos\chapter13\debug\vc142.idb
c:\users\administrator\source\repos\chapter13\debug\tmpnam.obj
c:\users\administrator\source\repos\chapter13\debug\tmpfile.obj
c:\users\administrator\source\repos\chapter13\debug\stringcombine.obj
c:\users\administrator\source\repos\chapter13\debug\reverse.obj
c:\users\administrator\source\repos\chapter13\debug\reduceto.obj
c:\users\administrator\source\repos\chapter13\debug\quickfind.obj
c:\users\administrator\source\repos\chapter13\debug\max_sum_subarray.obj
c:\users\administrator\source\repos\chapter13\debug\getline.obj
c:\users\administrator\source\repos\chapter13\debug\fseek_demo.obj
c:\users\administrator\source\repos\chapter13\debug\fflush_demo.obj
c:\users\administrator\source\repos\chapter13\debug\exclusive.obj
c:\users\administrator\source\repos\chapter13\debug\echo_immediate.obj
c:\users\administrator\source\repos\chapter13\debug\count.obj
c:\users\administrator\source\repos\chapter13\debug\chapter13.exe
c:\users\administrator\source\repos\chapter13\debug\chapter13.ilk
c:\users\administrator\source\repos\chapter13\debug\chapter13.pdb
c:\users\administrator\source\repos\chapter13\debug\chapter13.tlog\cl.command.1.tlog
c:\users\administrator\source\repos\chapter13\debug\chapter13.tlog\cl.read.1.tlog
c:\users\administrator\source\repos\chapter13\debug\chapter13.tlog\cl.write.1.tlog
c:\users\administrator\source\repos\chapter13\debug\chapter13.tlog\link.command.1.tlog
c:\users\administrator\source\repos\chapter13\debug\chapter13.tlog\link.read.1.tlog
c:\users\administrator\source\repos\chapter13\debug\chapter13.tlog\link.write.1.tlog
